#
# There is insufficient memory for the Java Runtime Environment to continue.
# Native memory allocation (mmap) failed to map 266338304 bytes for G1 virtual space
# Possible reasons:
#   The system is out of physical RAM or swap space
#   The process is running with CompressedOops enabled, and the Java Heap may be blocking the growth of the native heap
# Possible solutions:
#   Reduce memory load on the system
#   Increase physical memory or swap space
#   Check if swap backing store is full
#   Decrease Java heap size (-Xmx/-Xms)
#   Decrease number of Java threads
#   Decrease Java thread stack sizes (-Xss)
#   Set larger code cache with -XX:ReservedCodeCacheSize=
#   JVM is running with Zero Based Compressed Oops mode in which the Java heap is
#     placed in the first 32GB address space. The Java Heap base address is the
#     maximum limit for the native heap growth. Please use -XX:HeapBaseMinAddress
#     to set the Java Heap base and to place the Java Heap above 32GB virtual address.
# This output file may be truncated or incomplete.
#
#  Out of Memory Error (os_windows.cpp:3550), pid=29408, tid=39904
#
# JRE version:  (17.0.6+9) (build )
# Java VM: Java HotSpot(TM) 64-Bit Server VM (17.0.6+9-LTS-190, mixed mode, sharing, tiered, compressed oops, compressed class ptrs, g1 gc, windows-amd64)
# No core dump will be written. Minidumps are not enabled by default on client versions of Windows
#

---------------  S U M M A R Y ------------

Command Line: -ea -Dfile.encoding=UTF-8 -XX:+ShowCodeDetailsInExceptionMessages org.testng.remote.RemoteTestNG -serport 53088 -protocol json -d C:\Users\showmiya.k\eclipse-workspace\SupportalHealth\test-output C:\Users\showmiya.k\AppData\Local\Temp\testng-eclipse-1800209399\testng-customsuite.xml

Host: 11th Gen Intel(R) Core(TM) i5-1135G7 @ 2.40GHz, 8 cores, 15G,  Windows 10 , 64 bit Build 19041 (10.0.19041.3155)
Time: Tue Aug  8 21:29:05 2023 India Standard Time elapsed time: 0.026187 seconds (0d 0h 0m 0s)

---------------  T H R E A D  ---------------

Current thread (0x000001b868f4f860):  JavaThread "Unknown thread" [_thread_in_vm, id=39904, stack(0x0000008c10800000,0x0000008c10900000)]

Stack: [0x0000008c10800000,0x0000008c10900000]
Native frames: (J=compiled Java code, j=interpreted, Vv=VM code, C=native code)
V  [jvm.dll+0x6734ea]
V  [jvm.dll+0x7d18f4]
V  [jvm.dll+0x7d309e]
V  [jvm.dll+0x7d3703]
V  [jvm.dll+0x2433c5]
V  [jvm.dll+0x6703f9]
V  [jvm.dll+0x664d32]
V  [jvm.dll+0x300086]
V  [jvm.dll+0x307606]
V  [jvm.dll+0x356c1e]
V  [jvm.dll+0x356e4f]
V  [jvm.dll+0x2d72e8]
V  [jvm.dll+0x2d8254]
V  [jvm.dll+0x7a33b1]
V  [jvm.dll+0x3647f1]
V  [jvm.dll+0x782839]
V  [jvm.dll+0x3e757f]
V  [jvm.dll+0x3e9001]
C  [jli.dll+0x5297]
C  [ucrtbase.dll+0x21bb2]
C  [KERNEL32.DLL+0x17614]
C  [ntdll.dll+0x526b1]


---------------  P R O C E S S  ---------------

Threads class SMR info:
_java_thread_list=0x00007ffd99e8e958, length=0, elements={
}

Java Threads: ( => current thread )

Other Threads:
  0x000001b87fac0a30 GCTaskThread "GC Thread#0" [stack: 0x0000008c10900000,0x0000008c10a00000] [id=24404]
  0x000001b868fa95d0 ConcurrentGCThread "G1 Main Marker" [stack: 0x0000008c10a00000,0x0000008c10b00000] [id=15652]
  0x000001b868faab10 ConcurrentGCThread "G1 Conc#0" [stack: 0x0000008c10b00000,0x0000008c10c00000] [id=29144]

[error occurred during error reporting (printing all threads), id 0xc0000005, EXCEPTION_ACCESS_VIOLATION (0xc0000005) at pc=0x00007ffd996c7f07]

VM state: not at safepoint (not fully initialized)

VM Mutex/Monitor currently owned by a thread:  ([mutex/lock_event])
[0x000001b868f49520] Heap_lock - owner thread: 0x000001b868f4f860

Heap address: 0x0000000703600000, size: 4042 MB, Compressed Oops mode: Zero based, Oop shift amount: 3

CDS archive(s) mapped at: [0x0000000000000000-0x0000000000000000-0x0000000000000000), size 0, SharedBaseAddress: 0x0000000800000000, ArchiveRelocationMode: 0.
Narrow klass base: 0x0000000000000000, Narrow klass shift: 0, Narrow klass range: 0x0

GC Precious Log:
<Empty>

Heap:
 garbage-first heap   total 0K, used 0K [0x0000000703600000, 0x0000000800000000)
  region size 2048K, 0 young (0K), 0 survivors (0K)

[error occurred during error reporting (printing heap information), id 0xc0000005, EXCEPTION_ACCESS_VIOLATION (0xc0000005) at pc=0x00007ffd99aac759]

GC Heap History (0 events):
No events

Deoptimization events (0 events):
No events

Classes unloaded (0 events):
No events

Classes redefined (0 events):
No events

Internal exceptions (0 events):
No events

VM Operations (0 events):
No events

Events (1 events):
Event: 0.021 Loaded shared library C:\Program Files\Java\jdk-17\bin\java.dll


Dynamic libraries:
0x00007ff7bba90000 - 0x00007ff7bbaa0000 	C:\Program Files\Java\jdk-17\bin\javaw.exe
0x00007ffdc2790000 - 0x00007ffdc2988000 	C:\Windows\SYSTEM32\ntdll.dll
0x00007ffdc2600000 - 0x00007ffdc26bf000 	C:\Windows\System32\KERNEL32.DLL
0x00007ffdc0180000 - 0x00007ffdc0476000 	C:\Windows\System32\KERNELBASE.dll
0x00007ffdc0560000 - 0x00007ffdc0660000 	C:\Windows\System32\ucrtbase.dll
0x00007ffd9a0b0000 - 0x00007ffd9a0c8000 	C:\Program Files\Java\jdk-17\bin\jli.dll
0x00007ffd9a090000 - 0x00007ffd9a0ab000 	C:\Program Files\Java\jdk-17\bin\VCRUNTIME140.dll
0x00007ffdc2350000 - 0x00007ffdc23ff000 	C:\Windows\System32\ADVAPI32.dll
0x00007ffdc2560000 - 0x00007ffdc25fe000 	C:\Windows\System32\msvcrt.dll
0x00007ffdc1350000 - 0x00007ffdc13ec000 	C:\Windows\System32\sechost.dll
0x00007ffdc2400000 - 0x00007ffdc2526000 	C:\Windows\System32\RPCRT4.dll
0x00007ffdc10e0000 - 0x00007ffdc127d000 	C:\Windows\System32\USER32.dll
0x00007ffdc0530000 - 0x00007ffdc0552000 	C:\Windows\System32\win32u.dll
0x00007ffdc2530000 - 0x00007ffdc255c000 	C:\Windows\System32\GDI32.dll
0x00007ffdbffa0000 - 0x00007ffdc00b5000 	C:\Windows\System32\gdi32full.dll
0x00007ffdbff00000 - 0x00007ffdbff9d000 	C:\Windows\System32\msvcp_win.dll
0x00007ffdac910000 - 0x00007ffdacbaa000 	C:\Windows\WinSxS\amd64_microsoft.windows.common-controls_6595b64144ccf1df_6.0.19041.1110_none_60b5254171f9507e\COMCTL32.dll
0x00007ffdb80b0000 - 0x00007ffdb80ba000 	C:\Windows\SYSTEM32\VERSION.dll
0x00007ffdc2720000 - 0x00007ffdc2750000 	C:\Windows\System32\IMM32.DLL
0x00007ffda6580000 - 0x00007ffda66eb000 	C:\Windows\system32\tmumh\20019\AddOn\8.55.0.1129\TmUmEvt64.dll
0x00007ffdc13f0000 - 0x00007ffdc13f8000 	C:\Windows\System32\PSAPI.DLL
0x0000000067f70000 - 0x00000000680e3000 	C:\Windows\system32\tmumh\20019\TmMon\2.9.0.1051\tmmon64.dll
0x00007ffd9a210000 - 0x00007ffd9a21c000 	C:\Program Files\Java\jdk-17\bin\vcruntime140_1.dll
0x00007ffd99fc0000 - 0x00007ffd9a04e000 	C:\Program Files\Java\jdk-17\bin\msvcp140.dll
0x00007ffd993e0000 - 0x00007ffd99fb7000 	C:\Program Files\Java\jdk-17\bin\server\jvm.dll
0x00007ffd9fc10000 - 0x00007ffd9fc19000 	C:\Windows\SYSTEM32\WSOCK32.dll
0x00007ffdc1280000 - 0x00007ffdc12eb000 	C:\Windows\System32\WS2_32.dll
0x00007ffda4b50000 - 0x00007ffda4b77000 	C:\Windows\SYSTEM32\WINMM.dll
0x00007ffdbe5f0000 - 0x00007ffdbe602000 	C:\Windows\SYSTEM32\kernel.appcore.dll
0x00007ffd99290000 - 0x00007ffd9929a000 	C:\Program Files\Java\jdk-17\bin\jimage.dll
0x00007ffdbd8d0000 - 0x00007ffdbdab4000 	C:\Windows\SYSTEM32\DBGHELP.DLL
0x00007ffda1c20000 - 0x00007ffda1c54000 	C:\Windows\SYSTEM32\dbgcore.DLL
0x00007ffdbfe70000 - 0x00007ffdbfef2000 	C:\Windows\System32\bcryptPrimitives.dll
0x00007ffd99260000 - 0x00007ffd99285000 	C:\Program Files\Java\jdk-17\bin\java.dll

dbghelp: loaded successfully - version: 4.0.5 - missing functions: none
symbol engine: initialized successfully - sym options: 0x614 - pdb path: .;C:\Program Files\Java\jdk-17\bin;C:\Windows\SYSTEM32;C:\Windows\WinSxS\amd64_microsoft.windows.common-controls_6595b64144ccf1df_6.0.19041.1110_none_60b5254171f9507e;C:\Windows\system32\tmumh\20019\AddOn\8.55.0.1129;C:\Windows\system32\tmumh\20019\TmMon\2.9.0.1051;C:\Program Files\Java\jdk-17\bin\server

VM Arguments:
jvm_args: -ea -Dfile.encoding=UTF-8 -XX:+ShowCodeDetailsInExceptionMessages 
java_command: org.testng.remote.RemoteTestNG -serport 53088 -protocol json -d C:\Users\showmiya.k\eclipse-workspace\SupportalHealth\test-output C:\Users\showmiya.k\AppData\Local\Temp\testng-eclipse-1800209399\testng-customsuite.xml
java_class_path (initial): C:\Users\showmiya.k\eclipse\java-2022-06\eclipse\configuration\org.eclipse.osgi\607\0\.cp\lib\testng-remote.jar;C:\Users\showmiya.k\eclipse-workspace\SupportalHealth\target\test-classes;C:\Users\showmiya.k\eclipse-workspace\SupportalHealth\target\classes;C:\Users\showmiya.k\.p2\pool\plugins\org.testng_7.4.0.r202105021533.jar;C:\Users\showmiya.k\.p2\pool\plugins\com.beust.jcommander_1.78.0.jar;C:\Users\showmiya.k\.p2\pool\plugins\org.apache-extras.beanshell.bsh_2.0.0.b6.jar;C:\Users\showmiya.k\.p2\pool\plugins\org.yaml.snakeyaml_1.27.0.v20221112-0806.jar;C:\Users\showmiya.k\.p2\pool\plugins\org.webjars.jquery_3.5.1.jar;C:\Users\showmiya.k\.m2\repository\org\seleniumhq\selenium\selenium-java\3.141.59\selenium-java-3.141.59.jar;C:\Users\showmiya.k\.m2\repository\org\seleniumhq\selenium\selenium-api\3.141.59\selenium-api-3.141.59.jar;C:\Users\showmiya.k\.m2\repository\org\seleniumhq\selenium\selenium-chrome-driver\3.141.59\selenium-chrome-driver-3.141.59.jar;C:\Users\showmiya.k\.m2\repository\org\seleniumhq\selenium\selenium-edge-driver\3.141.59\selenium-edge-driver-3.141.59.jar;C:\Users\showmiya.k\.m2\repository\org\seleniumhq\selenium\selenium-firefox-driver\3.141.59\selenium-firefox-driver-3.141.59.jar;C:\Users\showmiya.k\.m2\repository\org\seleniumhq\selenium\selenium-ie-driver\3.141.59\selenium-ie-driver-3.141.59.jar;C:\Users\showmiya.k\.m2\repository\org\seleniumhq\selenium\selenium-opera-driver\3.141.59\selenium-opera-driver-3.141.59.jar;C:\Users\showmiya.k\.m2\repository\org\seleniumhq\selenium\selenium-remote-driver\3.141.59\selenium-remote-driver-3.141.59.jar;C:\Users\showmiya.k\.m2\repository\org\seleniumhq\selenium\selenium-safari-driver\3.141.59\selenium-safari-driver-3.141.59.jar;C:\Users\showmiya.k\.m2\repository\org\seleniumhq\selenium\selenium-support\3.141.59\selenium-support-3.141.59.jar;C:\Users\showmiya.k\.m2\repository\net\bytebuddy\byte-buddy\1.8.15\byte-buddy-1.8.15.jar;C:\Users\showmiya.k\.m2\repository\org\apache\co
Launcher Type: SUN_STANDARD

[Global flags]
     intx CICompilerCount                          = 4                                         {product} {ergonomic}
     uint ConcGCThreads                            = 2                                         {product} {ergonomic}
     uint G1ConcRefinementThreads                  = 8                                         {product} {ergonomic}
   size_t G1HeapRegionSize                         = 2097152                                   {product} {ergonomic}
    uintx GCDrainStackTargetSize                   = 64                                        {product} {ergonomic}
   size_t InitialHeapSize                          = 266338304                                 {product} {ergonomic}
   size_t MarkStackSize                            = 4194304                                   {product} {ergonomic}
   size_t MaxHeapSize                              = 4238344192                                {product} {ergonomic}
   size_t MinHeapDeltaBytes                        = 2097152                                   {product} {ergonomic}
   size_t MinHeapSize                              = 8388608                                   {product} {ergonomic}
    uintx NonNMethodCodeHeapSize                   = 5839372                                {pd product} {ergonomic}
    uintx NonProfiledCodeHeapSize                  = 122909434                              {pd product} {ergonomic}
    uintx ProfiledCodeHeapSize                     = 122909434                              {pd product} {ergonomic}
    uintx ReservedCodeCacheSize                    = 251658240                              {pd product} {ergonomic}
     bool SegmentedCodeCache                       = true                                      {product} {ergonomic}
     bool ShowCodeDetailsInExceptionMessages       = true                                   {manageable} {command line}
   size_t SoftMaxHeapSize                          = 4238344192                             {manageable} {ergonomic}
     bool UseCompressedClassPointers               = true                           {product lp64_product} {ergonomic}
     bool UseCompressedOops                        = true                           {product lp64_product} {ergonomic}
     bool UseG1GC                                  = true                                      {product} {ergonomic}
     bool UseLargePagesIndividualAllocation        = false                                  {pd product} {ergonomic}

Logging:
Log output configuration:
 #0: stdout all=warning uptime,level,tags
 #1: stderr all=off uptime,level,tags

Environment Variables:
JAVA_HOME=C:\Program Files\Java\jdk-17
PATH=C:\Program Files\Common Files\Oracle\Java\javapath;C:\Windows\system32;C:\Windows;C:\Windows\System32\Wbem;C:\Windows\System32\WindowsPowerShell\v1.0\;C:\Windows\System32\OpenSSH\;C:\Program Files\Java\jdk-17\bin;C:\Program Files\nodejs\;C:\Program Files\Git\cmd;C:\Users\showmiya.k\Music\Jmeter\apache-jmeter-5.5\bin;C:\Users\showmiya.k\Music\Anaconda\condabin;C:\Users\showmiya.k\Music\Anaconda N;C:\Users\showmiya.k\Music\Anaconda N\Library\mingw-w64\bin;C:\Users\showmiya.k\Music\Anaconda N\Library\usr\bin;C:\Users\showmiya.k\Music\Anaconda N\Library\bin;C:\Users\showmiya.k\Music\Anaconda N\Scripts;C:\Users\showmiya.k\AppData\Local\Programs\Python\Python311\Scripts\;C:\Users\showmiya.k\AppData\Local\Programs\Python\Python311\;C:\Users\showmiya.k\AppData\Local\Microsoft\WindowsApps;C:\Users\showmiya.k\AppData\Roaming\npm
USERNAME=showmiya.k
OS=Windows_NT
PROCESSOR_IDENTIFIER=Intel64 Family 6 Model 140 Stepping 1, GenuineIntel



---------------  S Y S T E M  ---------------

OS:
 Windows 10 , 64 bit Build 19041 (10.0.19041.3155)
OS uptime: 1 days 13:49 hours

CPU: total 8 (initial active 8) (4 cores per cpu, 2 threads per core) family 6 model 140 stepping 1 microcode 0x86, cx8, cmov, fxsr, ht, mmx, 3dnowpref, sse, sse2, sse3, ssse3, sse4.1, sse4.2, popcnt, lzcnt, tsc, tscinvbit, avx, avx2, aes, erms, clmul, bmi1, bmi2, adx, avx512f, avx512dq, avx512cd, avx512bw, avx512vl, sha, fma, vzeroupper, avx512_vpopcntdq, avx512_vpclmulqdq, avx512_vaes, avx512_vnni, clflush, clflushopt, clwb, avx512_vbmi2, avx512_vbmi

Memory: 4k page, system-wide physical 16167M (3269M free)
TotalPageFile size 39884M (AvailPageFile size 182M)
current process WorkingSet (physical memory assigned to process): 12M, peak: 12M
current process commit charge ("private bytes"): 62M, peak: 316M

vm_info: Java HotSpot(TM) 64-Bit Server VM (17.0.6+9-LTS-190) for windows-amd64 JRE (17.0.6+9-LTS-190), built on Dec  6 2022 15:53:54 by "mach5one" with MS VC++ 17.1 (VS2022)

END.
